    1     0     0 1   0     1     0   1  11
    2     0     0 2   0     1     0   1  12
    3     1     2 1   0     1     1   1  13
    4     1     2 2   0     1     1   1  14
    5     1     2 1   0     1     1   1  15
    6     1     2 1   0     1     1   1  16
    7     0     0 1   0     2     0   2  21
    8     0     0 2   0     2     0   2  22
    9     7     8 2   0     2     1   2  23
   10     7     8 1   0     2     1   2  24
   11     7     8 2   0     2     1   2  25
   12     7     8 2   0     2     1   2  26
   13     0     0 1   0     3     0   3  31
   14     0     0 2   0     3     0   3  32
   15    13    14 1   0     3     1   3  33
   16    13    14 2   0     3     1   3  34
   17    13    14 1   0     3     1   3  35
   18    13    14 1   0     3     1   3  36
   19     0     0 1   0     4     0   4  41
   20     0     0 2   0     4     0   4  42
   21    19    20 2   0     4     1   4  43
   22    19    20 2   0     4     1   4  44
   23    19    20 1   0     4     1   4  45
   24    19    20 2   0     4     1   4  46
   25     0     0 1   0     5     0   5  51
   26     0     0 2   0     5     0   5  52
   27    25    26 1   0     5     1   5  53
   28    25    26 1   0     5     1   5  54
   29    25    26 1   0     5     1   5  55
   30    25    26 2   0     5     1   5  56
   31     0     0 1   0     6     0   6  61
   32     0     0 2   0     6     0   6  62
   33    31    32 1   0     6     1   6  63
   34    31    32 1   0     6     1   6  64
   35    31    32 1   0     6     1   6  65
   36    31    32 2   0     6     1   6  66
   37     0     0 1   0     7     0   7  71
   38     0     0 2   0     7     0   7  72
   39    37    38 2   0     7     1   7  73
   40    37    38 1   0     7     1   7  74
   41    37    38 1   0     7     1   7  75
   42    37    38 2   0     7     1   7  76
   43     0     0 1   0     8     0   8  81
   44     0     0 2   0     8     0   8  82
   45    43    44 1   0     8     1   8  83
   46    43    44 2   0     8     1   8  84
   47    43    44 2   0     8     1   8  85
   48    43    44 1   0     8     1   8  86
   49     0     0 1   0     9     0   9  91
   50     0     0 2   0     9     0   9  92
   51    49    50 2   0     9     1   9  93
   52    49    50 2   0     9     1   9  94
   53    49    50 2   0     9     1   9  95
   54    49    50 2   0     9     1   9  96
   55     0     0 1   0    10     0  10 101
   56     0     0 2   0    10     0  10 102
   57    55    56 2   0    10     1  10 103
   58    55    56 1   0    10     1  10 104
   59    55    56 1   0    10     1  10 105
   60    55    56 2   0    10     1  10 106
   61     0     0 1   0    11     0  11 111
   62     0     0 2   0    11     0  11 112
   63    61    62 1   0    11     1  11 113
   64    61    62 2   0    11     1  11 114
   65    61    62 2   0    11     1  11 115
   66    61    62 2   0    11     1  11 116
   67     0     0 1   0    12     0  12 121
   68     0     0 2   0    12     0  12 122
   69    67    68 1   0    12     1  12 123
   70    67    68 1   0    12     1  12 124
   71    67    68 1   0    12     1  12 125
   72    67    68 1   0    12     1  12 126
   73     0     0 1   0    13     0  13 131
   74     0     0 2   0    13     0  13 132
   75    73    74 1   0    13     1  13 133
   76    73    74 2   0    13     1  13 134
   77    73    74 1   0    13     1  13 135
   78    73    74 1   0    13     1  13 136
   79     0     0 1   0    14     0  14 141
   80     0     0 2   0    14     0  14 142
   81    79    80 1   0    14     1  14 143
   82    79    80 1   0    14     1  14 144
   83    79    80 1   0    14     1  14 145
   84    79    80 2   0    14     1  14 146
   85     0     0 1   0    15     0  15 151
   86     0     0 2   0    15     0  15 152
   87    85    86 2   0    15     1  15 153
   88    85    86 1   0    15     1  15 154
   89    85    86 1   0    15     1  15 155
   90    85    86 1   0    15     1  15 156
   91     0     0 1   0    16     0  16 161
   92     0     0 2   0    16     0  16 162
   93    91    92 1   0    16     1  16 163
   94    91    92 1   0    16     1  16 164
   95    91    92 1   0    16     1  16 165
   96    91    92 1   0    16     1  16 166
   97     0     0 1   0    17     0  17 171
   98     0     0 2   0    17     0  17 172
   99    97    98 1   0    17     1  17 173
  100    97    98 2   0    17     1  17 174
  101    97    98 1   0    17     1  17 175
  102    97    98 1   0    17     1  17 176
  103     0     0 1   0    18     0  18 181
  104     0     0 2   0    18     0  18 182
  105   103   104 2   0    18     1  18 183
  106   103   104 2   0    18     1  18 184
  107   103   104 1   0    18     1  18 185
  108   103   104 1   0    18     1  18 186
  109     0     0 1   0    19     0  19 191
  110     0     0 2   0    19     0  19 192
  111   109   110 2   0    19     1  19 193
  112   109   110 2   0    19     1  19 194
  113   109   110 2   0    19     1  19 195
  114   109   110 2   0    19     1  19 196
  115     0     0 1   0    20     0  20 201
  116     0     0 2   0    20     0  20 202
  117   115   116 2   0    20     1  20 203
  118   115   116 2   0    20     1  20 204
  119   115   116 1   0    20     1  20 205
  120   115   116 1   0    20     1  20 206
  121     0     0 1   0    21     0  21 211
  122     0     0 2   0    21     0  21 212
  123   121   122 2   0    21     1  21 213
  124   121   122 1   0    21     1  21 214
  125   121   122 2   0    21     1  21 215
  126   121   122 1   0    21     1  21 216
  127     0     0 1   0    22     0  22 221
  128     0     0 2   0    22     0  22 222
  129   127   128 2   0    22     1  22 223
  130   127   128 2   0    22     1  22 224
  131   127   128 1   0    22     1  22 225
  132   127   128 1   0    22     1  22 226
  133     0     0 1   0    23     0  23 231
  134     0     0 2   0    23     0  23 232
  135   133   134 1   0    23     1  23 233
  136   133   134 2   0    23     1  23 234
  137   133   134 2   0    23     1  23 235
  138   133   134 1   0    23     1  23 236
  139     0     0 1   0    24     0  24 241
  140     0     0 2   0    24     0  24 242
  141   139   140 2   0    24     1  24 243
  142   139   140 2   0    24     1  24 244
  143   139   140 2   0    24     1  24 245
  144   139   140 2   0    24     1  24 246
  145     0     0 1   0    25     0  25 251
  146     0     0 2   0    25     0  25 252
  147   145   146 2   0    25     1  25 253
  148   145   146 2   0    25     1  25 254
  149   145   146 2   0    25     1  25 255
  150   145   146 1   0    25     1  25 256
  151     0     0 1   0    26     0  26 261
  152     0     0 2   0    26     0  26 262
  153   151   152 1   0    26     1  26 263
  154   151   152 2   0    26     1  26 264
  155   151   152 1   0    26     1  26 265
  156   151   152 1   0    26     1  26 266
  157     0     0 1   0    27     0  27 271
  158     0     0 2   0    27     0  27 272
  159   157   158 2   0    27     1  27 273
  160   157   158 1   0    27     1  27 274
  161   157   158 2   0    27     1  27 275
  162   157   158 1   0    27     1  27 276
  163     0     0 1   0    28     0  28 281
  164     0     0 2   0    28     0  28 282
  165   163   164 1   0    28     1  28 283
  166   163   164 1   0    28     1  28 284
  167   163   164 1   0    28     1  28 285
  168   163   164 2   0    28     1  28 286
  169     0     0 1   0    29     0  29 291
  170     0     0 2   0    29     0  29 292
  171   169   170 2   0    29     1  29 293
  172   169   170 1   0    29     1  29 294
  173   169   170 1   0    29     1  29 295
  174   169   170 2   0    29     1  29 296
  175     0     0 1   0    30     0  30 301
  176     0     0 2   0    30     0  30 302
  177   175   176 2   0    30     1  30 303
  178   175   176 2   0    30     1  30 304
  179   175   176 2   0    30     1  30 305
  180   175   176 1   0    30     1  30 306
  181     0     0 1   0    31     0  31 311
  182     0     0 2   0    31     0  31 312
  183   181   182 1   0    31     1  31 313
  184   181   182 2   0    31     1  31 314
  185   181   182 2   0    31     1  31 315
  186   181   182 2   0    31     1  31 316
  187     0     0 1   0    32     0  32 321
  188     0     0 2   0    32     0  32 322
  189   187   188 1   0    32     1  32 323
  190   187   188 2   0    32     1  32 324
  191   187   188 2   0    32     1  32 325
  192   187   188 1   0    32     1  32 326
  193     0     0 1   0    33     0  33 331
  194     0     0 2   0    33     0  33 332
  195   193   194 1   0    33     1  33 333
  196   193   194 2   0    33     1  33 334
  197   193   194 2   0    33     1  33 335
  198   193   194 1   0    33     1  33 336
  199     0     0 1   0    34     0  34 341
  200     0     0 2   0    34     0  34 342
  201   199   200 2   0    34     1  34 343
  202   199   200 2   0    34     1  34 344
  203   199   200 1   0    34     1  34 345
  204   199   200 2   0    34     1  34 346
  205     0     0 1   0    35     0  35 351
  206     0     0 2   0    35     0  35 352
  207   205   206 2   0    35     1  35 353
  208   205   206 1   0    35     1  35 354
  209   205   206 1   0    35     1  35 355
  210   205   206 2   0    35     1  35 356
  211     0     0 1   0    36     0  36 361
  212     0     0 2   0    36     0  36 362
  213   211   212 1   0    36     1  36 363
  214   211   212 2   0    36     1  36 364
  215   211   212 2   0    36     1  36 365
  216   211   212 2   0    36     1  36 366
  217     0     0 1   0    37     0  37 371
  218     0     0 2   0    37     0  37 372
  219   217   218 2   0    37     1  37 373
  220   217   218 1   0    37     1  37 374
  221   217   218 1   0    37     1  37 375
  222   217   218 2   0    37     1  37 376
  223     0     0 1   0    38     0  38 381
  224     0     0 2   0    38     0  38 382
  225   223   224 1   0    38     1  38 383
  226   223   224 2   0    38     1  38 384
  227   223   224 2   0    38     1  38 385
  228   223   224 2   0    38     1  38 386
  229     0     0 1   0    39     0  39 391
  230     0     0 2   0    39     0  39 392
  231   229   230 1   0    39     1  39 393
  232   229   230 1   0    39     1  39 394
  233   229   230 1   0    39     1  39 395
  234   229   230 1   0    39     1  39 396
  235     0     0 1   0    40     0  40 401
  236     0     0 2   0    40     0  40 402
  237   235   236 2   0    40     1  40 403
  238   235   236 1   0    40     1  40 404
  239   235   236 1   0    40     1  40 405
  240   235   236 2   0    40     1  40 406
  241     0     0 1   0    41     0  41 411
  242     0     0 2   0    41     0  41 412
  243   241   242 1   0    41     1  41 413
  244   241   242 2   0    41     1  41 414
  245   241   242 1   0    41     1  41 415
  246   241   242 1   0    41     1  41 416
  247     0     0 1   0    42     0  42 421
  248     0     0 2   0    42     0  42 422
  249   247   248 2   0    42     1  42 423
  250   247   248 2   0    42     1  42 424
  251   247   248 1   0    42     1  42 425
  252   247   248 2   0    42     1  42 426
  253     0     0 1   0    43     0  43 431
  254     0     0 2   0    43     0  43 432
  255   253   254 2   0    43     1  43 433
  256   253   254 1   0    43     1  43 434
  257   253   254 1   0    43     1  43 435
  258   253   254 1   0    43     1  43 436
  259     0     0 1   0    44     0  44 441
  260     0     0 2   0    44     0  44 442
  261   259   260 1   0    44     1  44 443
  262   259   260 1   0    44     1  44 444
  263   259   260 2   0    44     1  44 445
  264   259   260 2   0    44     1  44 446
  265     0     0 1   0    45     0  45 451
  266     0     0 2   0    45     0  45 452
  267   265   266 2   0    45     1  45 453
  268   265   266 2   0    45     1  45 454
  269   265   266 1   0    45     1  45 455
  270   265   266 1   0    45     1  45 456
  271     0     0 1   0    46     0  46 461
  272     0     0 2   0    46     0  46 462
  273   271   272 1   0    46     1  46 463
  274   271   272 2   0    46     1  46 464
  275   271   272 2   0    46     1  46 465
  276   271   272 2   0    46     1  46 466
  277     0     0 1   0    47     0  47 471
  278     0     0 2   0    47     0  47 472
  279   277   278 1   0    47     1  47 473
  280   277   278 1   0    47     1  47 474
  281   277   278 1   0    47     1  47 475
  282   277   278 1   0    47     1  47 476
  283     0     0 1   0    48     0  48 481
  284     0     0 2   0    48     0  48 482
  285   283   284 1   0    48     1  48 483
  286   283   284 2   0    48     1  48 484
  287   283   284 2   0    48     1  48 485
  288   283   284 1   0    48     1  48 486
  289     0     0 1   0    49     0  49 491
  290     0     0 2   0    49     0  49 492
  291   289   290 2   0    49     1  49 493
  292   289   290 2   0    49     1  49 494
  293   289   290 2   0    49     1  49 495
  294   289   290 2   0    49     1  49 496
  295     0     0 1   0    50     0  50 501
  296     0     0 2   0    50     0  50 502
  297   295   296 2   0    50     1  50 503
  298   295   296 2   0    50     1  50 504
  299   295   296 1   0    50     1  50 505
  300   295   296 2   0    50     1  50 506
  301     0     0 1   0    51     0  51 511
  302     0     0 2   0    51     0  51 512
  303   301   302 1   0    51     1  51 513
  304   301   302 2   0    51     1  51 514
  305   301   302 1   0    51     1  51 515
  306   301   302 1   0    51     1  51 516
  307     0     0 1   0    52     0  52 521
  308     0     0 2   0    52     0  52 522
  309   307   308 2   0    52     1  52 523
  310   307   308 2   0    52     1  52 524
  311   307   308 1   0    52     1  52 525
  312   307   308 1   0    52     1  52 526
  313     0     0 1   0    53     0  53 531
  314     0     0 2   0    53     0  53 532
  315   313   314 2   0    53     1  53 533
  316   313   314 2   0    53     1  53 534
  317   313   314 2   0    53     1  53 535
  318   313   314 2   0    53     1  53 536
  319     0     0 1   0    54     0  54 541
  320     0     0 2   0    54     0  54 542
  321   319   320 2   0    54     1  54 543
  322   319   320 2   0    54     1  54 544
  323   319   320 2   0    54     1  54 545
  324   319   320 2   0    54     1  54 546
  325     0     0 1   0    55     0  55 551
  326     0     0 2   0    55     0  55 552
  327   325   326 2   0    55     1  55 553
  328   325   326 1   0    55     1  55 554
  329   325   326 2   0    55     1  55 555
  330   325   326 1   0    55     1  55 556
  331     0     0 1   0    56     0  56 561
  332     0     0 2   0    56     0  56 562
  333   331   332 2   0    56     1  56 563
  334   331   332 1   0    56     1  56 564
  335   331   332 1   0    56     1  56 565
  336   331   332 1   0    56     1  56 566
  337     0     0 1   0    57     0  57 571
  338     0     0 2   0    57     0  57 572
  339   337   338 1   0    57     1  57 573
  340   337   338 1   0    57     1  57 574
  341   337   338 1   0    57     1  57 575
  342   337   338 2   0    57     1  57 576
  343     0     0 1   0    58     0  58 581
  344     0     0 2   0    58     0  58 582
  345   343   344 2   0    58     1  58 583
  346   343   344 1   0    58     1  58 584
  347   343   344 1   0    58     1  58 585
  348   343   344 2   0    58     1  58 586
  349     0     0 1   0    59     0  59 591
  350     0     0 2   0    59     0  59 592
  351   349   350 1   0    59     1  59 593
  352   349   350 1   0    59     1  59 594
  353   349   350 1   0    59     1  59 595
  354   349   350 2   0    59     1  59 596
  355     0     0 1   0    60     0  60 601
  356     0     0 2   0    60     0  60 602
  357   355   356 1   0    60     1  60 603
  358   355   356 1   0    60     1  60 604
  359   355   356 2   0    60     1  60 605
  360   355   356 1   0    60     1  60 606
  361     0     0 1   0    61     0  61 611
  362     0     0 2   0    61     0  61 612
  363   361   362 2   0    61     1  61 613
  364   361   362 1   0    61     1  61 614
  365   361   362 2   0    61     1  61 615
  366   361   362 1   0    61     1  61 616
  367     0     0 1   0    62     0  62 621
  368     0     0 2   0    62     0  62 622
  369   367   368 2   0    62     1  62 623
  370   367   368 2   0    62     1  62 624
  371   367   368 2   0    62     1  62 625
  372   367   368 1   0    62     1  62 626
  373     0     0 1   0    63     0  63 631
  374     0     0 2   0    63     0  63 632
  375   373   374 2   0    63     1  63 633
  376   373   374 2   0    63     1  63 634
  377   373   374 1   0    63     1  63 635
  378   373   374 1   0    63     1  63 636
  379     0     0 1   0    64     0  64 641
  380     0     0 2   0    64     0  64 642
  381   379   380 2   0    64     1  64 643
  382   379   380 2   0    64     1  64 644
  383   379   380 2   0    64     1  64 645
  384   379   380 1   0    64     1  64 646
  385     0     0 1   0    65     0  65 651
  386     0     0 2   0    65     0  65 652
  387   385   386 1   0    65     1  65 653
  388   385   386 2   0    65     1  65 654
  389   385   386 1   0    65     1  65 655
  390   385   386 1   0    65     1  65 656
  391     0     0 1   0    66     0  66 661
  392     0     0 2   0    66     0  66 662
  393   391   392 2   0    66     1  66 663
  394   391   392 2   0    66     1  66 664
  395   391   392 1   0    66     1  66 665
  396   391   392 2   0    66     1  66 666
  397     0     0 1   0    67     0  67 671
  398     0     0 2   0    67     0  67 672
  399   397   398 2   0    67     1  67 673
  400   397   398 2   0    67     1  67 674
  401   397   398 2   0    67     1  67 675
  402   397   398 1   0    67     1  67 676
  403     0     0 1   0    68     0  68 681
  404     0     0 2   0    68     0  68 682
  405   403   404 1   0    68     1  68 683
  406   403   404 2   0    68     1  68 684
  407   403   404 1   0    68     1  68 685
  408   403   404 2   0    68     1  68 686
  409     0     0 1   0    69     0  69 691
  410     0     0 2   0    69     0  69 692
  411   409   410 1   0    69     1  69 693
  412   409   410 1   0    69     1  69 694
  413   409   410 2   0    69     1  69 695
  414   409   410 1   0    69     1  69 696
  415     0     0 1   0    70     0  70 701
  416     0     0 2   0    70     0  70 702
  417   415   416 2   0    70     1  70 703
  418   415   416 2   0    70     1  70 704
  419   415   416 2   0    70     1  70 705
  420   415   416 1   0    70     1  70 706
  421     0     0 1   0    71     0  71 711
  422     0     0 2   0    71     0  71 712
  423   421   422 2   0    71     1  71 713
  424   421   422 2   0    71     1  71 714
  425   421   422 2   0    71     1  71 715
  426   421   422 1   0    71     1  71 716
  427     0     0 1   0    72     0  72 721
  428     0     0 2   0    72     0  72 722
  429   427   428 1   0    72     1  72 723
  430   427   428 2   0    72     1  72 724
  431   427   428 1   0    72     1  72 725
  432   427   428 2   0    72     1  72 726
  433     0     0 1   0    73     0  73 731
  434     0     0 2   0    73     0  73 732
  435   433   434 1   0    73     1  73 733
  436   433   434 1   0    73     1  73 734
  437   433   434 1   0    73     1  73 735
  438   433   434 2   0    73     1  73 736
  439     0     0 1   0    74     0  74 741
  440     0     0 2   0    74     0  74 742
  441   439   440 2   0    74     1  74 743
  442   439   440 2   0    74     1  74 744
  443   439   440 2   0    74     1  74 745
  444   439   440 1   0    74     1  74 746
  445     0     0 1   0    75     0  75 751
  446     0     0 2   0    75     0  75 752
  447   445   446 2   0    75     1  75 753
  448   445   446 1   0    75     1  75 754
  449   445   446 1   0    75     1  75 755
  450   445   446 1   0    75     1  75 756
  451     0     0 1   0    76     0  76 761
  452     0     0 2   0    76     0  76 762
  453   451   452 1   0    76     1  76 763
  454   451   452 1   0    76     1  76 764
  455   451   452 2   0    76     1  76 765
  456   451   452 1   0    76     1  76 766
  457     0     0 1   0    77     0  77 771
  458     0     0 2   0    77     0  77 772
  459   457   458 1   0    77     1  77 773
  460   457   458 1   0    77     1  77 774
  461   457   458 1   0    77     1  77 775
  462   457   458 2   0    77     1  77 776
  463     0     0 1   0    78     0  78 781
  464     0     0 2   0    78     0  78 782
  465   463   464 1   0    78     1  78 783
  466   463   464 2   0    78     1  78 784
  467   463   464 2   0    78     1  78 785
  468   463   464 1   0    78     1  78 786
  469     0     0 1   0    79     0  79 791
  470     0     0 2   0    79     0  79 792
  471   469   470 1   0    79     1  79 793
  472   469   470 2   0    79     1  79 794
  473   469   470 1   0    79     1  79 795
  474   469   470 1   0    79     1  79 796
  475     0     0 1   0    80     0  80 801
  476     0     0 2   0    80     0  80 802
  477   475   476 2   0    80     1  80 803
  478   475   476 2   0    80     1  80 804
  479   475   476 2   0    80     1  80 805
  480   475   476 2   0    80     1  80 806
  481     0     0 1   0    81     0  81 811
  482     0     0 2   0    81     0  81 812
  483   481   482 1   0    81     1  81 813
  484   481   482 2   0    81     1  81 814
  485   481   482 2   0    81     1  81 815
  486   481   482 1   0    81     1  81 816
  487     0     0 1   0    82     0  82 821
  488     0     0 2   0    82     0  82 822
  489   487   488 2   0    82     1  82 823
  490   487   488 1   0    82     1  82 824
  491   487   488 1   0    82     1  82 825
  492   487   488 2   0    82     1  82 826
  493     0     0 1   0    83     0  83 831
  494     0     0 2   0    83     0  83 832
  495   493   494 2   0    83     1  83 833
  496   493   494 1   0    83     1  83 834
  497   493   494 1   0    83     1  83 835
  498   493   494 1   0    83     1  83 836
  499     0     0 1   0    84     0  84 841
  500     0     0 2   0    84     0  84 842
  501   499   500 2   0    84     1  84 843
  502   499   500 1   0    84     1  84 844
  503   499   500 1   0    84     1  84 845
  504   499   500 1   0    84     1  84 846
  505     0     0 1   0    85     0  85 851
  506     0     0 2   0    85     0  85 852
  507   505   506 1   0    85     1  85 853
  508   505   506 2   0    85     1  85 854
  509   505   506 2   0    85     1  85 855
  510   505   506 2   0    85     1  85 856
  511     0     0 1   0    86     0  86 861
  512     0     0 2   0    86     0  86 862
  513   511   512 2   0    86     1  86 863
  514   511   512 2   0    86     1  86 864
  515   511   512 2   0    86     1  86 865
  516   511   512 1   0    86     1  86 866
  517     0     0 1   0    87     0  87 871
  518     0     0 2   0    87     0  87 872
  519   517   518 2   0    87     1  87 873
  520   517   518 1   0    87     1  87 874
  521   517   518 1   0    87     1  87 875
  522   517   518 2   0    87     1  87 876
  523     0     0 1   0    88     0  88 881
  524     0     0 2   0    88     0  88 882
  525   523   524 2   0    88     1  88 883
  526   523   524 1   0    88     1  88 884
  527   523   524 2   0    88     1  88 885
  528   523   524 1   0    88     1  88 886
  529     0     0 1   0    89     0  89 891
  530     0     0 2   0    89     0  89 892
  531   529   530 1   0    89     1  89 893
  532   529   530 1   0    89     1  89 894
  533   529   530 1   0    89     1  89 895
  534   529   530 2   0    89     1  89 896
  535     0     0 1   0    90     0  90 901
  536     0     0 2   0    90     0  90 902
  537   535   536 1   0    90     1  90 903
  538   535   536 1   0    90     1  90 904
  539   535   536 1   0    90     1  90 905
  540   535   536 2   0    90     1  90 906
  541     0     0 1   0    91     0  91 911
  542     0     0 2   0    91     0  91 912
  543   541   542 2   0    91     1  91 913
  544   541   542 1   0    91     1  91 914
  545   541   542 2   0    91     1  91 915
  546   541   542 2   0    91     1  91 916
  547     0     0 1   0    92     0  92 921
  548     0     0 2   0    92     0  92 922
  549   547   548 2   0    92     1  92 923
  550   547   548 2   0    92     1  92 924
  551   547   548 1   0    92     1  92 925
  552   547   548 1   0    92     1  92 926
  553     0     0 1   0    93     0  93 931
  554     0     0 2   0    93     0  93 932
  555   553   554 2   0    93     1  93 933
  556   553   554 1   0    93     1  93 934
  557   553   554 1   0    93     1  93 935
  558   553   554 1   0    93     1  93 936
  559     0     0 1   0    94     0  94 941
  560     0     0 2   0    94     0  94 942
  561   559   560 2   0    94     1  94 943
  562   559   560 1   0    94     1  94 944
  563   559   560 2   0    94     1  94 945
  564   559   560 2   0    94     1  94 946
  565     0     0 1   0    95     0  95 951
  566     0     0 2   0    95     0  95 952
  567   565   566 1   0    95     1  95 953
  568   565   566 1   0    95     1  95 954
  569   565   566 2   0    95     1  95 955
  570   565   566 2   0    95     1  95 956
  571     0     0 1   0    96     0  96 961
  572     0     0 2   0    96     0  96 962
  573   571   572 2   0    96     1  96 963
  574   571   572 1   0    96     1  96 964
  575   571   572 1   0    96     1  96 965
  576   571   572 2   0    96     1  96 966
  577     0     0 1   0    97     0  97 971
  578     0     0 2   0    97     0  97 972
  579   577   578 2   0    97     1  97 973
  580   577   578 2   0    97     1  97 974
  581   577   578 1   0    97     1  97 975
  582   577   578 2   0    97     1  97 976
  583     0     0 1   0    98     0  98 981
  584     0     0 2   0    98     0  98 982
  585   583   584 1   0    98     1  98 983
  586   583   584 1   0    98     1  98 984
  587   583   584 1   0    98     1  98 985
  588   583   584 1   0    98     1  98 986
  589     0     0 1   0    99     0  99 991
  590     0     0 2   0    99     0  99 992
  591   589   590 1   0    99     1  99 993
  592   589   590 2   0    99     1  99 994
  593   589   590 2   0    99     1  99 995
  594   589   590 1   0    99     1  99 996
  595     0     0 1   0   100     0 1001001
  596     0     0 2   0   100     0 1001002
  597   595   596 1   0   100     1 1001003
  598   595   596 2   0   100     1 1001004
  599   595   596 1   0   100     1 1001005
  600   595   596 1   0   100     1 1001006
  601     0     0 1   0   101     0 1011011
  602     0     0 2   0   101     0 1011012
  603   601   602 1   0   101     1 1011013
  604   601   602 1   0   101     1 1011014
  605   601   602 1   0   101     1 1011015
  606   601   602 1   0   101     1 1011016
  607     0     0 1   0   102     0 1021021
  608     0     0 2   0   102     0 1021022
  609   607   608 1   0   102     1 1021023
  610   607   608 2   0   102     1 1021024
  611   607   608 2   0   102     1 1021025
  612   607   608 2   0   102     1 1021026
  613     0     0 1   0   103     0 1031031
  614     0     0 2   0   103     0 1031032
  615   613   614 2   0   103     1 1031033
  616   613   614 2   0   103     1 1031034
  617   613   614 1   0   103     1 1031035
  618   613   614 2   0   103     1 1031036
  619     0     0 1   0   104     0 1041041
  620     0     0 2   0   104     0 1041042
  621   619   620 2   0   104     1 1041043
  622   619   620 1   0   104     1 1041044
  623   619   620 2   0   104     1 1041045
  624   619   620 1   0   104     1 1041046
  625     0     0 1   0   105     0 1051051
  626     0     0 2   0   105     0 1051052
  627   625   626 1   0   105     1 1051053
  628   625   626 2   0   105     1 1051054
  629   625   626 2   0   105     1 1051055
  630   625   626 1   0   105     1 1051056
  631     0     0 1   0   106     0 1061061
  632     0     0 2   0   106     0 1061062
  633   631   632 1   0   106     1 1061063
  634   631   632 1   0   106     1 1061064
  635   631   632 1   0   106     1 1061065
  636   631   632 1   0   106     1 1061066
  637     0     0 1   0   107     0 1071071
  638     0     0 2   0   107     0 1071072
  639   637   638 1   0   107     1 1071073
  640   637   638 2   0   107     1 1071074
  641   637   638 2   0   107     1 1071075
  642   637   638 1   0   107     1 1071076
  643     0     0 1   0   108     0 1081081
  644     0     0 2   0   108     0 1081082
  645   643   644 2   0   108     1 1081083
  646   643   644 2   0   108     1 1081084
  647   643   644 1   0   108     1 1081085
  648   643   644 1   0   108     1 1081086
  649     0     0 1   0   109     0 1091091
  650     0     0 2   0   109     0 1091092
  651   649   650 1   0   109     1 1091093
  652   649   650 2   0   109     1 1091094
  653   649   650 2   0   109     1 1091095
  654   649   650 1   0   109     1 1091096
  655     0     0 1   0   110     0 1101101
  656     0     0 2   0   110     0 1101102
  657   655   656 2   0   110     1 1101103
  658   655   656 1   0   110     1 1101104
  659   655   656 2   0   110     1 1101105
  660   655   656 2   0   110     1 1101106
  661     0     0 1   0   111     0 1111111
  662     0     0 2   0   111     0 1111112
  663   661   662 1   0   111     1 1111113
  664   661   662 2   0   111     1 1111114
  665   661   662 2   0   111     1 1111115
  666   661   662 1   0   111     1 1111116
  667     0     0 1   0   112     0 1121121
  668     0     0 2   0   112     0 1121122
  669   667   668 1   0   112     1 1121123
  670   667   668 1   0   112     1 1121124
  671   667   668 2   0   112     1 1121125
  672   667   668 1   0   112     1 1121126
  673     0     0 1   0   113     0 1131131
  674     0     0 2   0   113     0 1131132
  675   673   674 1   0   113     1 1131133
  676   673   674 1   0   113     1 1131134
  677   673   674 1   0   113     1 1131135
  678   673   674 2   0   113     1 1131136
  679     0     0 1   0   114     0 1141141
  680     0     0 2   0   114     0 1141142
  681   679   680 2   0   114     1 1141143
  682   679   680 1   0   114     1 1141144
  683   679   680 1   0   114     1 1141145
  684   679   680 2   0   114     1 1141146
  685     0     0 1   0   115     0 1151151
  686     0     0 2   0   115     0 1151152
  687   685   686 1   0   115     1 1151153
  688   685   686 1   0   115     1 1151154
  689   685   686 1   0   115     1 1151155
  690   685   686 1   0   115     1 1151156
  691     0     0 1   0   116     0 1161161
  692     0     0 2   0   116     0 1161162
  693   691   692 1   0   116     1 1161163
  694   691   692 2   0   116     1 1161164
  695   691   692 2   0   116     1 1161165
  696   691   692 2   0   116     1 1161166
  697     0     0 1   0   117     0 1171171
  698     0     0 2   0   117     0 1171172
  699   697   698 2   0   117     1 1171173
  700   697   698 1   0   117     1 1171174
  701   697   698 1   0   117     1 1171175
  702   697   698 2   0   117     1 1171176
  703     0     0 1   0   118     0 1181181
  704     0     0 2   0   118     0 1181182
  705   703   704 1   0   118     1 1181183
  706   703   704 2   0   118     1 1181184
  707   703   704 2   0   118     1 1181185
  708   703   704 2   0   118     1 1181186
  709     0     0 1   0   119     0 1191191
  710     0     0 2   0   119     0 1191192
  711   709   710 1   0   119     1 1191193
  712   709   710 1   0   119     1 1191194
  713   709   710 2   0   119     1 1191195
  714   709   710 1   0   119     1 1191196
  715     0     0 1   0   120     0 1201201
  716     0     0 2   0   120     0 1201202
  717   715   716 2   0   120     1 1201203
  718   715   716 2   0   120     1 1201204
  719   715   716 2   0   120     1 1201205
  720   715   716 1   0   120     1 1201206
  721     0     0 1   0   121     0 1211211
  722     0     0 2   0   121     0 1211212
  723   721   722 2   0   121     1 1211213
  724   721   722 2   0   121     1 1211214
  725   721   722 1   0   121     1 1211215
  726   721   722 1   0   121     1 1211216
  727     0     0 1   0   122     0 1221221
  728     0     0 2   0   122     0 1221222
  729   727   728 2   0   122     1 1221223
  730   727   728 1   0   122     1 1221224
  731   727   728 2   0   122     1 1221225
  732   727   728 1   0   122     1 1221226
  733     0     0 1   0   123     0 1231231
  734     0     0 2   0   123     0 1231232
  735   733   734 1   0   123     1 1231233
  736   733   734 1   0   123     1 1231234
  737   733   734 2   0   123     1 1231235
  738   733   734 2   0   123     1 1231236
  739     0     0 1   0   124     0 1241241
  740     0     0 2   0   124     0 1241242
  741   739   740 1   0   124     1 1241243
  742   739   740 2   0   124     1 1241244
  743   739   740 1   0   124     1 1241245
  744   739   740 1   0   124     1 1241246
  745     0     0 1   0   125     0 1251251
  746     0     0 2   0   125     0 1251252
  747   745   746 1   0   125     1 1251253
  748   745   746 2   0   125     1 1251254
  749   745   746 2   0   125     1 1251255
  750   745   746 1   0   125     1 1251256
  751     0     0 1   0   126     0 1261261
  752     0     0 2   0   126     0 1261262
  753   751   752 2   0   126     1 1261263
  754   751   752 2   0   126     1 1261264
  755   751   752 2   0   126     1 1261265
  756   751   752 1   0   126     1 1261266
  757     0     0 1   0   127     0 1271271
  758     0     0 2   0   127     0 1271272
  759   757   758 1   0   127     1 1271273
  760   757   758 2   0   127     1 1271274
  761   757   758 2   0   127     1 1271275
  762   757   758 1   0   127     1 1271276
  763     0     0 1   0   128     0 1281281
  764     0     0 2   0   128     0 1281282
  765   763   764 1   0   128     1 1281283
  766   763   764 2   0   128     1 1281284
  767   763   764 2   0   128     1 1281285
  768   763   764 2   0   128     1 1281286
  769     0     0 1   0   129     0 1291291
  770     0     0 2   0   129     0 1291292
  771   769   770 1   0   129     1 1291293
  772   769   770 2   0   129     1 1291294
  773   769   770 2   0   129     1 1291295
  774   769   770 1   0   129     1 1291296
  775     0     0 1   0   130     0 1301301
  776     0     0 2   0   130     0 1301302
  777   775   776 1   0   130     1 1301303
  778   775   776 1   0   130     1 1301304
  779   775   776 2   0   130     1 1301305
  780   775   776 1   0   130     1 1301306
  781     0     0 1   0   131     0 1311311
  782     0     0 2   0   131     0 1311312
  783   781   782 2   0   131     1 1311313
  784   781   782 2   0   131     1 1311314
  785   781   782 1   0   131     1 1311315
  786   781   782 1   0   131     1 1311316
  787     0     0 1   0   132     0 1321321
  788     0     0 2   0   132     0 1321322
  789   787   788 2   0   132     1 1321323
  790   787   788 2   0   132     1 1321324
  791   787   788 1   0   132     1 1321325
  792   787   788 1   0   132     1 1321326
  793     0     0 1   0   133     0 1331331
  794     0     0 2   0   133     0 1331332
  795   793   794 1   0   133     1 1331333
  796   793   794 1   0   133     1 1331334
  797   793   794 1   0   133     1 1331335
  798   793   794 1   0   133     1 1331336
  799     0     0 1   0   134     0 1341341
  800     0     0 2   0   134     0 1341342
  801   799   800 1   0   134     1 1341343
  802   799   800 1   0   134     1 1341344
  803   799   800 2   0   134     1 1341345
  804   799   800 2   0   134     1 1341346
  805     0     0 1   0   135     0 1351351
  806     0     0 2   0   135     0 1351352
  807   805   806 1   0   135     1 1351353
  808   805   806 1   0   135     1 1351354
  809   805   806 1   0   135     1 1351355
  810   805   806 1   0   135     1 1351356
  811     0     0 1   0   136     0 1361361
  812     0     0 2   0   136     0 1361362
  813   811   812 1   0   136     1 1361363
  814   811   812 2   0   136     1 1361364
  815   811   812 1   0   136     1 1361365
  816   811   812 1   0   136     1 1361366
  817     0     0 1   0   137     0 1371371
  818     0     0 2   0   137     0 1371372
  819   817   818 2   0   137     1 1371373
  820   817   818 1   0   137     1 1371374
  821   817   818 2   0   137     1 1371375
  822   817   818 1   0   137     1 1371376
  823     0     0 1   0   138     0 1381381
  824     0     0 2   0   138     0 1381382
  825   823   824 1   0   138     1 1381383
  826   823   824 1   0   138     1 1381384
  827   823   824 1   0   138     1 1381385
  828   823   824 1   0   138     1 1381386
  829     0     0 1   0   139     0 1391391
  830     0     0 2   0   139     0 1391392
  831   829   830 1   0   139     1 1391393
  832   829   830 2   0   139     1 1391394
  833   829   830 2   0   139     1 1391395
  834   829   830 2   0   139     1 1391396
  835     0     0 1   0   140     0 1401401
  836     0     0 2   0   140     0 1401402
  837   835   836 2   0   140     1 1401403
  838   835   836 1   0   140     1 1401404
  839   835   836 2   0   140     1 1401405
  840   835   836 2   0   140     1 1401406
  841     0     0 1   0   141     0 1411411
  842     0     0 2   0   141     0 1411412
  843   841   842 1   0   141     1 1411413
  844   841   842 2   0   141     1 1411414
  845   841   842 1   0   141     1 1411415
  846   841   842 2   0   141     1 1411416
  847     0     0 1   0   142     0 1421421
  848     0     0 2   0   142     0 1421422
  849   847   848 1   0   142     1 1421423
  850   847   848 1   0   142     1 1421424
  851   847   848 1   0   142     1 1421425
  852   847   848 2   0   142     1 1421426
  853     0     0 1   0   143     0 1431431
  854     0     0 2   0   143     0 1431432
  855   853   854 1   0   143     1 1431433
  856   853   854 2   0   143     1 1431434
  857   853   854 1   0   143     1 1431435
  858   853   854 1   0   143     1 1431436
  859     0     0 1   0   144     0 1441441
  860     0     0 2   0   144     0 1441442
  861   859   860 1   0   144     1 1441443
  862   859   860 1   0   144     1 1441444
  863   859   860 2   0   144     1 1441445
  864   859   860 1   0   144     1 1441446
  865     0     0 1   0   145     0 1451451
  866     0     0 2   0   145     0 1451452
  867   865   866 2   0   145     1 1451453
  868   865   866 2   0   145     1 1451454
  869   865   866 2   0   145     1 1451455
  870   865   866 1   0   145     1 1451456
  871     0     0 1   0   146     0 1461461
  872     0     0 2   0   146     0 1461462
  873   871   872 2   0   146     1 1461463
  874   871   872 1   0   146     1 1461464
  875   871   872 2   0   146     1 1461465
  876   871   872 2   0   146     1 1461466
  877     0     0 1   0   147     0 1471471
  878     0     0 2   0   147     0 1471472
  879   877   878 1   0   147     1 1471473
  880   877   878 2   0   147     1 1471474
  881   877   878 2   0   147     1 1471475
  882   877   878 1   0   147     1 1471476
  883     0     0 1   0   148     0 1481481
  884     0     0 2   0   148     0 1481482
  885   883   884 2   0   148     1 1481483
  886   883   884 1   0   148     1 1481484
  887   883   884 2   0   148     1 1481485
  888   883   884 1   0   148     1 1481486
  889     0     0 1   0   149     0 1491491
  890     0     0 2   0   149     0 1491492
  891   889   890 1   0   149     1 1491493
  892   889   890 1   0   149     1 1491494
  893   889   890 2   0   149     1 1491495
  894   889   890 2   0   149     1 1491496
  895     0     0 1   0   150     0 1501501
  896     0     0 2   0   150     0 1501502
  897   895   896 2   0   150     1 1501503
  898   895   896 2   0   150     1 1501504
  899   895   896 2   0   150     1 1501505
  900   895   896 2   0   150     1 1501506
  901     0     0 1   0   151     0 1511511
  902     0     0 2   0   151     0 1511512
  903   901   902 2   0   151     1 1511513
  904   901   902 2   0   151     1 1511514
  905   901   902 2   0   151     1 1511515
  906   901   902 1   0   151     1 1511516
  907     0     0 1   0   152     0 1521521
  908     0     0 2   0   152     0 1521522
  909   907   908 2   0   152     1 1521523
  910   907   908 1   0   152     1 1521524
  911   907   908 1   0   152     1 1521525
  912   907   908 2   0   152     1 1521526
  913     0     0 1   0   153     0 1531531
  914     0     0 2   0   153     0 1531532
  915   913   914 2   0   153     1 1531533
  916   913   914 1   0   153     1 1531534
  917   913   914 2   0   153     1 1531535
  918   913   914 1   0   153     1 1531536
  919     0     0 1   0   154     0 1541541
  920     0     0 2   0   154     0 1541542
  921   919   920 1   0   154     1 1541543
  922   919   920 2   0   154     1 1541544
  923   919   920 2   0   154     1 1541545
  924   919   920 2   0   154     1 1541546
  925     0     0 1   0   155     0 1551551
  926     0     0 2   0   155     0 1551552
  927   925   926 2   0   155     1 1551553
  928   925   926 1   0   155     1 1551554
  929   925   926 1   0   155     1 1551555
  930   925   926 2   0   155     1 1551556
  931     0     0 1   0   156     0 1561561
  932     0     0 2   0   156     0 1561562
  933   931   932 1   0   156     1 1561563
  934   931   932 1   0   156     1 1561564
  935   931   932 1   0   156     1 1561565
  936   931   932 1   0   156     1 1561566
  937     0     0 1   0   157     0 1571571
  938     0     0 2   0   157     0 1571572
  939   937   938 2   0   157     1 1571573
  940   937   938 1   0   157     1 1571574
  941   937   938 2   0   157     1 1571575
  942   937   938 1   0   157     1 1571576
  943     0     0 1   0   158     0 1581581
  944     0     0 2   0   158     0 1581582
  945   943   944 2   0   158     1 1581583
  946   943   944 1   0   158     1 1581584
  947   943   944 1   0   158     1 1581585
  948   943   944 2   0   158     1 1581586
  949     0     0 1   0   159     0 1591591
  950     0     0 2   0   159     0 1591592
  951   949   950 1   0   159     1 1591593
  952   949   950 2   0   159     1 1591594
  953   949   950 1   0   159     1 1591595
  954   949   950 2   0   159     1 1591596
  955     0     0 1   0   160     0 1601601
  956     0     0 2   0   160     0 1601602
  957   955   956 2   0   160     1 1601603
  958   955   956 2   0   160     1 1601604
  959   955   956 1   0   160     1 1601605
  960   955   956 1   0   160     1 1601606
  961     0     0 1   0   161     0 1611611
  962     0     0 2   0   161     0 1611612
  963   961   962 1   0   161     1 1611613
  964   961   962 2   0   161     1 1611614
  965   961   962 1   0   161     1 1611615
  966   961   962 2   0   161     1 1611616
  967     0     0 1   0   162     0 1621621
  968     0     0 2   0   162     0 1621622
  969   967   968 1   0   162     1 1621623
  970   967   968 2   0   162     1 1621624
  971   967   968 1   0   162     1 1621625
  972   967   968 2   0   162     1 1621626
  973     0     0 1   0   163     0 1631631
  974     0     0 2   0   163     0 1631632
  975   973   974 1   0   163     1 1631633
  976   973   974 2   0   163     1 1631634
  977   973   974 1   0   163     1 1631635
  978   973   974 2   0   163     1 1631636
  979     0     0 1   0   164     0 1641641
  980     0     0 2   0   164     0 1641642
  981   979   980 2   0   164     1 1641643
  982   979   980 2   0   164     1 1641644
  983   979   980 1   0   164     1 1641645
  984   979   980 2   0   164     1 1641646
  985     0     0 1   0   165     0 1651651
  986     0     0 2   0   165     0 1651652
  987   985   986 1   0   165     1 1651653
  988   985   986 2   0   165     1 1651654
  989   985   986 1   0   165     1 1651655
  990   985   986 1   0   165     1 1651656
  991     0     0 1   0   166     0 1661661
  992     0     0 2   0   166     0 1661662
  993   991   992 1   0   166     1 1661663
  994   991   992 1   0   166     1 1661664
  995   991   992 1   0   166     1 1661665
  996   991   992 1   0   166     1 1661666
  997     0     0 1   0   167     0 1671671
  998     0     0 2   0   167     0 1671672
  999   997   998 2   0   167     1 1671673
 1000   997   998 2   0   167     1 1671674
 1001   997   998 1   0   167     1 1671675
 1002   997   998 1   0   167     1 1671676
 1003     0     0 1   0   168     0 1681681
 1004     0     0 2   0   168     0 1681682
 1005  1003  1004 2   0   168     1 1681683
 1006  1003  1004 2   0   168     1 1681684
 1007  1003  1004 1   0   168     1 1681685
 1008  1003  1004 2   0   168     1 1681686
 1009     0     0 1   0   169     0 1691691
 1010     0     0 2   0   169     0 1691692
 1011  1009  1010 1   0   169     1 1691693
 1012  1009  1010 2   0   169     1 1691694
 1013  1009  1010 2   0   169     1 1691695
 1014  1009  1010 2   0   169     1 1691696
 1015     0     0 1   0   170     0 1701701
 1016     0     0 2   0   170     0 1701702
 1017  1015  1016 1   0   170     1 1701703
 1018  1015  1016 1   0   170     1 1701704
 1019  1015  1016 1   0   170     1 1701705
 1020  1015  1016 2   0   170     1 1701706
 1021     0     0 1   0   171     0 1711711
 1022     0     0 2   0   171     0 1711712
 1023  1021  1022 2   0   171     1 1711713
 1024  1021  1022 1   0   171     1 1711714
 1025  1021  1022 1   0   171     1 1711715
 1026  1021  1022 2   0   171     1 1711716
 1027     0     0 1   0   172     0 1721721
 1028     0     0 2   0   172     0 1721722
 1029  1027  1028 1   0   172     1 1721723
 1030  1027  1028 1   0   172     1 1721724
 1031  1027  1028 1   0   172     1 1721725
 1032  1027  1028 1   0   172     1 1721726
 1033     0     0 1   0   173     0 1731731
 1034     0     0 2   0   173     0 1731732
 1035  1033  1034 1   0   173     1 1731733
 1036  1033  1034 1   0   173     1 1731734
 1037  1033  1034 1   0   173     1 1731735
 1038  1033  1034 2   0   173     1 1731736
 1039     0     0 1   0   174     0 1741741
 1040     0     0 2   0   174     0 1741742
 1041  1039  1040 2   0   174     1 1741743
 1042  1039  1040 2   0   174     1 1741744
 1043  1039  1040 1   0   174     1 1741745
 1044  1039  1040 1   0   174     1 1741746
 1045     0     0 1   0   175     0 1751751
 1046     0     0 2   0   175     0 1751752
 1047  1045  1046 2   0   175     1 1751753
 1048  1045  1046 2   0   175     1 1751754
 1049  1045  1046 1   0   175     1 1751755
 1050  1045  1046 1   0   175     1 1751756
 1051     0     0 1   0   176     0 1761761
 1052     0     0 2   0   176     0 1761762
 1053  1051  1052 2   0   176     1 1761763
 1054  1051  1052 1   0   176     1 1761764
 1055  1051  1052 1   0   176     1 1761765
 1056  1051  1052 2   0   176     1 1761766
 1057     0     0 1   0   177     0 1771771
 1058     0     0 2   0   177     0 1771772
 1059  1057  1058 2   0   177     1 1771773
 1060  1057  1058 2   0   177     1 1771774
 1061  1057  1058 2   0   177     1 1771775
 1062  1057  1058 2   0   177     1 1771776
 1063     0     0 1   0   178     0 1781781
 1064     0     0 2   0   178     0 1781782
 1065  1063  1064 1   0   178     1 1781783
 1066  1063  1064 2   0   178     1 1781784
 1067  1063  1064 1   0   178     1 1781785
 1068  1063  1064 1   0   178     1 1781786
 1069     0     0 1   0   179     0 1791791
 1070     0     0 2   0   179     0 1791792
 1071  1069  1070 1   0   179     1 1791793
 1072  1069  1070 1   0   179     1 1791794
 1073  1069  1070 1   0   179     1 1791795
 1074  1069  1070 1   0   179     1 1791796
 1075     0     0 1   0   180     0 1801801
 1076     0     0 2   0   180     0 1801802
 1077  1075  1076 1   0   180     1 1801803
 1078  1075  1076 2   0   180     1 1801804
 1079  1075  1076 1   0   180     1 1801805
 1080  1075  1076 1   0   180     1 1801806
 1081     0     0 1   0   181     0 1811811
 1082     0     0 2   0   181     0 1811812
 1083  1081  1082 2   0   181     1 1811813
 1084  1081  1082 1   0   181     1 1811814
 1085  1081  1082 2   0   181     1 1811815
 1086  1081  1082 1   0   181     1 1811816
 1087     0     0 1   0   182     0 1821821
 1088     0     0 2   0   182     0 1821822
 1089  1087  1088 2   0   182     1 1821823
 1090  1087  1088 2   0   182     1 1821824
 1091  1087  1088 1   0   182     1 1821825
 1092  1087  1088 1   0   182     1 1821826
 1093     0     0 1   0   183     0 1831831
 1094     0     0 2   0   183     0 1831832
 1095  1093  1094 1   0   183     1 1831833
 1096  1093  1094 1   0   183     1 1831834
 1097  1093  1094 1   0   183     1 1831835
 1098  1093  1094 1   0   183     1 1831836
 1099     0     0 1   0   184     0 1841841
 1100     0     0 2   0   184     0 1841842
 1101  1099  1100 1   0   184     1 1841843
 1102  1099  1100 2   0   184     1 1841844
 1103  1099  1100 1   0   184     1 1841845
 1104  1099  1100 1   0   184     1 1841846
 1105     0     0 1   0   185     0 1851851
 1106     0     0 2   0   185     0 1851852
 1107  1105  1106 2   0   185     1 1851853
 1108  1105  1106 1   0   185     1 1851854
 1109  1105  1106 1   0   185     1 1851855
 1110  1105  1106 2   0   185     1 1851856
 1111     0     0 1   0   186     0 1861861
 1112     0     0 2   0   186     0 1861862
 1113  1111  1112 1   0   186     1 1861863
 1114  1111  1112 1   0   186     1 1861864
 1115  1111  1112 2   0   186     1 1861865
 1116  1111  1112 2   0   186     1 1861866
 1117     0     0 1   0   187     0 1871871
 1118     0     0 2   0   187     0 1871872
 1119  1117  1118 1   0   187     1 1871873
 1120  1117  1118 2   0   187     1 1871874
 1121  1117  1118 2   0   187     1 1871875
 1122  1117  1118 1   0   187     1 1871876
 1123     0     0 1   0   188     0 1881881
 1124     0     0 2   0   188     0 1881882
 1125  1123  1124 1   0   188     1 1881883
 1126  1123  1124 2   0   188     1 1881884
 1127  1123  1124 2   0   188     1 1881885
 1128  1123  1124 2   0   188     1 1881886
 1129     0     0 1   0   189     0 1891891
 1130     0     0 2   0   189     0 1891892
 1131  1129  1130 2   0   189     1 1891893
 1132  1129  1130 1   0   189     1 1891894
 1133  1129  1130 2   0   189     1 1891895
 1134  1129  1130 2   0   189     1 1891896
 1135     0     0 1   0   190     0 1901901
 1136     0     0 2   0   190     0 1901902
 1137  1135  1136 2   0   190     1 1901903
 1138  1135  1136 2   0   190     1 1901904
 1139  1135  1136 2   0   190     1 1901905
 1140  1135  1136 1   0   190     1 1901906
 1141     0     0 1   0   191     0 1911911
 1142     0     0 2   0   191     0 1911912
 1143  1141  1142 1   0   191     1 1911913
 1144  1141  1142 1   0   191     1 1911914
 1145  1141  1142 2   0   191     1 1911915
 1146  1141  1142 2   0   191     1 1911916
 1147     0     0 1   0   192     0 1921921
 1148     0     0 2   0   192     0 1921922
 1149  1147  1148 2   0   192     1 1921923
 1150  1147  1148 2   0   192     1 1921924
 1151  1147  1148 1   0   192     1 1921925
 1152  1147  1148 1   0   192     1 1921926
 1153     0     0 1   0   193     0 1931931
 1154     0     0 2   0   193     0 1931932
 1155  1153  1154 2   0   193     1 1931933
 1156  1153  1154 2   0   193     1 1931934
 1157  1153  1154 1   0   193     1 1931935
 1158  1153  1154 2   0   193     1 1931936
 1159     0     0 1   0   194     0 1941941
 1160     0     0 2   0   194     0 1941942
 1161  1159  1160 2   0   194     1 1941943
 1162  1159  1160 1   0   194     1 1941944
 1163  1159  1160 1   0   194     1 1941945
 1164  1159  1160 1   0   194     1 1941946
 1165     0     0 1   0   195     0 1951951
 1166     0     0 2   0   195     0 1951952
 1167  1165  1166 2   0   195     1 1951953
 1168  1165  1166 2   0   195     1 1951954
 1169  1165  1166 1   0   195     1 1951955
 1170  1165  1166 2   0   195     1 1951956
 1171     0     0 1   0   196     0 1961961
 1172     0     0 2   0   196     0 1961962
 1173  1171  1172 1   0   196     1 1961963
 1174  1171  1172 2   0   196     1 1961964
 1175  1171  1172 2   0   196     1 1961965
 1176  1171  1172 2   0   196     1 1961966
 1177     0     0 1   0   197     0 1971971
 1178     0     0 2   0   197     0 1971972
 1179  1177  1178 1   0   197     1 1971973
 1180  1177  1178 1   0   197     1 1971974
 1181  1177  1178 1   0   197     1 1971975
 1182  1177  1178 2   0   197     1 1971976
 1183     0     0 1   0   198     0 1981981
 1184     0     0 2   0   198     0 1981982
 1185  1183  1184 2   0   198     1 1981983
 1186  1183  1184 2   0   198     1 1981984
 1187  1183  1184 1   0   198     1 1981985
 1188  1183  1184 1   0   198     1 1981986
 1189     0     0 1   0   199     0 1991991
 1190     0     0 2   0   199     0 1991992
 1191  1189  1190 1   0   199     1 1991993
 1192  1189  1190 2   0   199     1 1991994
 1193  1189  1190 1   0   199     1 1991995
 1194  1189  1190 2   0   199     1 1991996
 1195     0     0 1   0   200     0 2002001
 1196     0     0 2   0   200     0 2002002
 1197  1195  1196 1   0   200     1 2002003
 1198  1195  1196 2   0   200     1 2002004
 1199  1195  1196 1   0   200     1 2002005
 1200  1195  1196 2   0   200     1 2002006
